2023-04-24T23:15:51+00:00 CRITICAL Uncaught Error: Cannot use object of type WC_Checkout as array in /Applications/MAMP/htdocs/WP-lektion2/wp-content/plugins/my-plugin/my-plugin.php:29
Stack trace:
#0 /Applications/MAMP/htdocs/WP-lektion2/wp-includes/class-wp-hook.php(308): checkout_function(Object(WC_Checkout))
#1 /Applications/MAMP/htdocs/WP-lektion2/wp-includes/class-wp-hook.php(332): WP_Hook->apply_filters('', Array)
#2 /Applications/MAMP/htdocs/WP-lektion2/wp-includes/plugin.php(517): WP_Hook->do_action(Array)
#3 /Applications/MAMP/htdocs/WP-lektion2/wp-content/plugins/woocommerce/templates/checkout/form-checkout.php(66): do_action('woocommerce_aft...', Object(WC_Checkout))
#4 /Applications/MAMP/htdocs/WP-lektion2/wp-content/plugins/woocommerce/includes/wc-core-functions.php(345): include('/Applications/M...')
#5 /Applications/MAMP/htdocs/WP-lektion2/wp-content/plugins/woocommerce/includes/shortcodes/class-wc-shortcode-checkout.php(316): wc_get_template('checkout/form-c...', Array)
#6 /Applications/MAMP/htdocs/WP-lektion2/wp-content/plugins/woocommerce/includes/shortcodes/class-wc-shortcode-checkout.php(67): WC_Shortcode_Checkout::checkout()
#7 /Applications/MAMP/htdocs/WP-lektion2/wp-content/plugins/woocommerce/includes/class-wc-shortcodes.php(72): WC_Shortcode_Checkout::output('')
#8 /Applications/MAMP/htdocs/WP-lektion2/wp-content/plugins/woocommerce/includes/class-wc-shortcodes.php(95): WC_Shortcodes::shortcode_wrapper(Array, '')
#9 /Applications/MAMP/htdocs/WP-lektion2/wp-includes/shortcodes.php(355): WC_Shortcodes::checkout('', '', 'woocommerce_che...')
#10 [internal function]: do_shortcode_tag(Array)
#11 /Applications/MAMP/htdocs/WP-lektion2/wp-includes/shortcodes.php(227): preg_replace_callback('/\\[(\\[?)(woocom...', 'do_shortcode_ta...', '[woocommerce_ch...')
#12 /Applications/MAMP/htdocs/WP-lektion2/wp-includes/class-wp-hook.php(308): do_shortcode('[woocommerce_ch...')
#13 /Applications/MAMP/htdocs/WP-lektion2/wp-includes/plugin.php(205): WP_Hook->apply_filters('[woocommerce_ch...', Array)
#14 /Applications/MAMP/htdocs/WP-lektion2/wp-includes/post-template.php(255): apply_filters('the_content', '<!-- wp:shortco...')
#15 /Applications/MAMP/htdocs/WP-lektion2/wp-content/themes/storefront/inc/storefront-template-functions.php(352): the_content()
#16 /Applications/MAMP/htdocs/WP-lektion2/wp-includes/class-wp-hook.php(308): storefront_page_content('')
#17 /Applications/MAMP/htdocs/WP-lektion2/wp-includes/class-wp-hook.php(332): WP_Hook->apply_filters(NULL, Array)
#18 /Applications/MAMP/htdocs/WP-lektion2/wp-includes/plugin.php(517): WP_Hook->do_action(Array)
#19 /Applications/MAMP/htdocs/WP-lektion2/wp-content/themes/storefront/content-page.php(18): do_action('storefront_page')
#20 /Applications/MAMP/htdocs/WP-lektion2/wp-includes/template.php(785): require('/Applications/M...')
#21 /Applications/MAMP/htdocs/WP-lektion2/wp-includes/template.php(718): load_template('/Applications/M...', false, Array)
#22 /Applications/MAMP/htdocs/WP-lektion2/wp-includes/general-template.php(204): locate_template(Array, true, false, Array)
#23 /Applications/MAMP/htdocs/WP-lektion2/wp-content/themes/storefront/page.php(24): get_template_part('content', 'page')
#24 /Applications/MAMP/htdocs/WP-lektion2/wp-includes/template-loader.php(106): include('/Applications/M...')
#25 /Applications/MAMP/htdocs/WP-lektion2/wp-blog-header.php(19): require_once('/Applications/M...')
#26 /Applications/MAMP/htdocs/WP-lektion2/index.php(17): require('/Applications/M...')
#27 {main}
  thrown in /Applications/MAMP/htdocs/WP-lektion2/wp-content/plugins/my-plugin/my-plugin.php on line 29

2023-04-24T23:20:54+00:00 CRITICAL Uncaught TypeError: Cannot access offset of type string on string in /Applications/MAMP/htdocs/WP-lektion2/wp-content/plugins/my-plugin/my-plugin.php:29
Stack trace:
#0 /Applications/MAMP/htdocs/WP-lektion2/wp-includes/class-wp-hook.php(308): checkout_function('')
#1 /Applications/MAMP/htdocs/WP-lektion2/wp-includes/class-wp-hook.php(332): WP_Hook->apply_filters('', Array)
#2 /Applications/MAMP/htdocs/WP-lektion2/wp-includes/plugin.php(517): WP_Hook->do_action(Array)
#3 /Applications/MAMP/htdocs/WP-lektion2/wp-content/plugins/woocommerce/templates/checkout/form-checkout.php(48): do_action('woocommerce_che...')
#4 /Applications/MAMP/htdocs/WP-lektion2/wp-content/plugins/woocommerce/includes/wc-core-functions.php(345): include('/Applications/M...')
#5 /Applications/MAMP/htdocs/WP-lektion2/wp-content/plugins/woocommerce/includes/shortcodes/class-wc-shortcode-checkout.php(316): wc_get_template('checkout/form-c...', Array)
#6 /Applications/MAMP/htdocs/WP-lektion2/wp-content/plugins/woocommerce/includes/shortcodes/class-wc-shortcode-checkout.php(67): WC_Shortcode_Checkout::checkout()
#7 /Applications/MAMP/htdocs/WP-lektion2/wp-content/plugins/woocommerce/includes/class-wc-shortcodes.php(72): WC_Shortcode_Checkout::output('')
#8 /Applications/MAMP/htdocs/WP-lektion2/wp-content/plugins/woocommerce/includes/class-wc-shortcodes.php(95): WC_Shortcodes::shortcode_wrapper(Array, '')
#9 /Applications/MAMP/htdocs/WP-lektion2/wp-includes/shortcodes.php(355): WC_Shortcodes::checkout('', '', 'woocommerce_che...')
#10 [internal function]: do_shortcode_tag(Array)
#11 /Applications/MAMP/htdocs/WP-lektion2/wp-includes/shortcodes.php(227): preg_replace_callback('/\\[(\\[?)(woocom...', 'do_shortcode_ta...', '[woocommerce_ch...')
#12 /Applications/MAMP/htdocs/WP-lektion2/wp-includes/class-wp-hook.php(308): do_shortcode('[woocommerce_ch...')
#13 /Applications/MAMP/htdocs/WP-lektion2/wp-includes/plugin.php(205): WP_Hook->apply_filters('[woocommerce_ch...', Array)
#14 /Applications/MAMP/htdocs/WP-lektion2/wp-includes/post-template.php(255): apply_filters('the_content', '<!-- wp:shortco...')
#15 /Applications/MAMP/htdocs/WP-lektion2/wp-content/themes/storefront/inc/storefront-template-functions.php(352): the_content()
#16 /Applications/MAMP/htdocs/WP-lektion2/wp-includes/class-wp-hook.php(308): storefront_page_content('')
#17 /Applications/MAMP/htdocs/WP-lektion2/wp-includes/class-wp-hook.php(332): WP_Hook->apply_filters(NULL, Array)
#18 /Applications/MAMP/htdocs/WP-lektion2/wp-includes/plugin.php(517): WP_Hook->do_action(Array)
#19 /Applications/MAMP/htdocs/WP-lektion2/wp-content/themes/storefront/content-page.php(18): do_action('storefront_page')
#20 /Applications/MAMP/htdocs/WP-lektion2/wp-includes/template.php(785): require('/Applications/M...')
#21 /Applications/MAMP/htdocs/WP-lektion2/wp-includes/template.php(718): load_template('/Applications/M...', false, Array)
#22 /Applications/MAMP/htdocs/WP-lektion2/wp-includes/general-template.php(204): locate_template(Array, true, false, Array)
#23 /Applications/MAMP/htdocs/WP-lektion2/wp-content/themes/storefront/page.php(24): get_template_part('content', 'page')
#24 /Applications/MAMP/htdocs/WP-lektion2/wp-includes/template-loader.php(106): include('/Applications/M...')
#25 /Applications/MAMP/htdocs/WP-lektion2/wp-blog-header.php(19): require_once('/Applications/M...')
#26 /Applications/MAMP/htdocs/WP-lektion2/index.php(17): require('/Applications/M...')
#27 {main}
  thrown in /Applications/MAMP/htdocs/WP-lektion2/wp-content/plugins/my-plugin/my-plugin.php on line 29

2023-04-24T23:21:45+00:00 CRITICAL Uncaught Error: Cannot use object of type WC_Checkout as array in /Applications/MAMP/htdocs/WP-lektion2/wp-content/plugins/my-plugin/my-plugin.php:29
Stack trace:
#0 /Applications/MAMP/htdocs/WP-lektion2/wp-includes/class-wp-hook.php(308): checkout_function(Object(WC_Checkout))
#1 /Applications/MAMP/htdocs/WP-lektion2/wp-includes/class-wp-hook.php(332): WP_Hook->apply_filters('', Array)
#2 /Applications/MAMP/htdocs/WP-lektion2/wp-includes/plugin.php(517): WP_Hook->do_action(Array)
#3 /Applications/MAMP/htdocs/WP-lektion2/wp-content/plugins/woocommerce/templates/checkout/form-shipping.php(69): do_action('woocommerce_aft...', Object(WC_Checkout))
#4 /Applications/MAMP/htdocs/WP-lektion2/wp-content/plugins/woocommerce/includes/wc-core-functions.php(345): include('/Applications/M...')
#5 /Applications/MAMP/htdocs/WP-lektion2/wp-content/plugins/woocommerce/includes/class-wc-checkout.php(342): wc_get_template('checkout/form-s...', Array)
#6 /Applications/MAMP/htdocs/WP-lektion2/wp-includes/class-wp-hook.php(308): WC_Checkout->checkout_form_shipping('')
#7 /Applications/MAMP/htdocs/WP-lektion2/wp-includes/class-wp-hook.php(332): WP_Hook->apply_filters('', Array)
#8 /Applications/MAMP/htdocs/WP-lektion2/wp-includes/plugin.php(517): WP_Hook->do_action(Array)
#9 /Applications/MAMP/htdocs/WP-lektion2/wp-content/plugins/woocommerce/templates/checkout/form-checkout.php(44): do_action('woocommerce_che...')
#10 /Applications/MAMP/htdocs/WP-lektion2/wp-content/plugins/woocommerce/includes/wc-core-functions.php(345): include('/Applications/M...')
#11 /Applications/MAMP/htdocs/WP-lektion2/wp-content/plugins/woocommerce/includes/shortcodes/class-wc-shortcode-checkout.php(316): wc_get_template('checkout/form-c...', Array)
#12 /Applications/MAMP/htdocs/WP-lektion2/wp-content/plugins/woocommerce/includes/shortcodes/class-wc-shortcode-checkout.php(67): WC_Shortcode_Checkout::checkout()
#13 /Applications/MAMP/htdocs/WP-lektion2/wp-content/plugins/woocommerce/includes/class-wc-shortcodes.php(72): WC_Shortcode_Checkout::output('')
#14 /Applications/MAMP/htdocs/WP-lektion2/wp-content/plugins/woocommerce/includes/class-wc-shortcodes.php(95): WC_Shortcodes::shortcode_wrapper(Array, '')
#15 /Applications/MAMP/htdocs/WP-lektion2/wp-includes/shortcodes.php(355): WC_Shortcodes::checkout('', '', 'woocommerce_che...')
#16 [internal function]: do_shortcode_tag(Array)
#17 /Applications/MAMP/htdocs/WP-lektion2/wp-includes/shortcodes.php(227): preg_replace_callback('/\\[(\\[?)(woocom...', 'do_shortcode_ta...', '[woocommerce_ch...')
#18 /Applications/MAMP/htdocs/WP-lektion2/wp-includes/class-wp-hook.php(308): do_shortcode('[woocommerce_ch...')
#19 /Applications/MAMP/htdocs/WP-lektion2/wp-includes/plugin.php(205): WP_Hook->apply_filters('[woocommerce_ch...', Array)
#20 /Applications/MAMP/htdocs/WP-lektion2/wp-includes/post-template.php(255): apply_filters('the_content', '<!-- wp:shortco...')
#21 /Applications/MAMP/htdocs/WP-lektion2/wp-content/themes/storefront/inc/storefront-template-functions.php(352): the_content()
#22 /Applications/MAMP/htdocs/WP-lektion2/wp-includes/class-wp-hook.php(308): storefront_page_content('')
#23 /Applications/MAMP/htdocs/WP-lektion2/wp-includes/class-wp-hook.php(332): WP_Hook->apply_filters(NULL, Array)
#24 /Applications/MAMP/htdocs/WP-lektion2/wp-includes/plugin.php(517): WP_Hook->do_action(Array)
#25 /Applications/MAMP/htdocs/WP-lektion2/wp-content/themes/storefront/content-page.php(18): do_action('storefront_page')
#26 /Applications/MAMP/htdocs/WP-lektion2/wp-includes/template.php(785): require('/Applications/M...')
#27 /Applications/MAMP/htdocs/WP-lektion2/wp-includes/template.php(718): load_template('/Applications/M...', false, Array)
#28 /Applications/MAMP/htdocs/WP-lektion2/wp-includes/general-template.php(204): locate_template(Array, true, false, Array)
#29 /Applications/MAMP/htdocs/WP-lektion2/wp-content/themes/storefront/page.php(24): get_template_part('content', 'page')
#30 /Applications/MAMP/htdocs/WP-lektion2/wp-includes/template-loader.php(106): include('/Applications/M...')
#31 /Applications/MAMP/htdocs/WP-lektion2/wp-blog-header.php(19): require_once('/Applications/M...')
#32 /Applications/MAMP/htdocs/WP-lektion2/index.php(17): require('/Applications/M...')
#33 {main}
  thrown in /Applications/MAMP/htdocs/WP-lektion2/wp-content/plugins/my-plugin/my-plugin.php on line 29

