2023-04-21T13:45:44+00:00 DEBUG tt4b_product_sync: missing access token for tt4b_product_sync
2023-04-21T13:45:44+00:00 DEBUG tt4b_product_delete: missing access token for tt4b_product_sync
2023-04-21T13:45:52+00:00 DEBUG tt4b_product_sync: missing access token for tt4b_product_sync
2023-04-21T13:45:52+00:00 DEBUG tt4b_product_delete: missing access token for tt4b_product_sync
2023-04-21T13:46:07+00:00 DEBUG tt4b_product_sync: missing access token for tt4b_product_sync
2023-04-21T13:46:07+00:00 DEBUG tt4b_product_delete: missing access token for tt4b_product_sync
2023-04-21T13:46:10+00:00 DEBUG tt4b_product_sync: missing access token for tt4b_product_sync
2023-04-21T13:46:10+00:00 DEBUG tt4b_product_delete: missing access token for tt4b_product_sync
2023-04-21T13:46:19+00:00 DEBUG tt4b_product_sync: missing access token for tt4b_product_sync
2023-04-21T13:46:19+00:00 DEBUG tt4b_product_delete: missing access token for tt4b_product_sync
2023-04-21T13:46:26+00:00 DEBUG tt4b_product_sync: missing access token for tt4b_product_sync
2023-04-21T13:46:26+00:00 DEBUG tt4b_product_delete: missing access token for tt4b_product_sync
2023-04-21T18:40:13+00:00 DEBUG POST: https://business-api.tiktok.com/open_api/v1.2/tbp/business_profile/disconnect/

{"external_business_id":false,"business_platform":"WOO_COMMERCE","is_setup_page":0,"app_id":false}
 ajax: no
2023-04-21T18:40:14+00:00 DEBUG Tt4b_Mapi_Class::mapi_post: Response: 

HTTP/1.1 200 OK
Server: nginx
Content-Type: application/json; charset=utf-8
Content-Length: 103
X-Api-Deprecation-Info: API for Business Version 1.3 is now live. To avoid disruption to your business, we recommend you migrate all calls to v1.3 as soon as possible. Please visit our migration guide for more details: https://ads.tiktok.com/marketing_api/docs?id=1740029169927169
X-Domain-Change-Info: We have moved to the new domain business-api.tiktok.com for API services after the Platform Upgrade on 09/30/2021. Please update all of your requests with the new domain if you haven't done so already. For more information, please visit https://ads.tiktok.com/marketing_api/docs?rid=esb88xalm6m&id=1709207085043713
X-Tt-Logid: 2023042118401295FC413482172102C82F
x-tt-trace-host: 0144d8074fe358d584cd7d2f1b3f6566f81fd6d29a63680108fc9b81d380a0855db24a2218357bb75918f7a16e53001feadb88b30175115016fd0a123f5d66917cb8e68bb2ae9e989b613ccb5a61a27f2d6ada213d3b76d1f99299bcb17bb6f836920212e46336158cc333395c6d511b1e
X-Origin-Response-Time: 7,184.28.235.110
X-Akamai-Request-ID: 30293cf4.ac62d61
Expires: Fri, 21 Apr 2023 18:40:14 GMT
Cache-Control: max-age=0, no-cache, no-store
Pragma: no-cache
Date: Fri, 21 Apr 2023 18:40:14 GMT
X-Cache: TCP_MISS from a88-221-128-36.deploy.akamaitechnologies.com (AkamaiGHost/11.0.3-47547230) (-)
Connection: close
X-Cache-Remote: TCP_MISS from a184-28-235-110.deploy.akamaitechnologies.com (AkamaiGHost/11.0.3-47547230) (-)
x-tt-trace-tag: id=16;cdn-cache=miss;type=dyn
Server-Timing: cdn-cache; desc=MISS, edge; dur=184, origin; dur=7
Server-Timing: inner; dur=3
X-Parent-Response-Time: 187,88.221.128.36

{"code":40104,"message":"The access_token is empty.","request_id":"2023042118401295FC413482172102C82F"}

2023-04-21T18:40:14+00:00 DEBUG POST: https://business-api.tiktok.com/tbp/v2.0/shop/connection/disconnect?external_data=

--- EMPTY STRING ---
 ajax: no
2023-04-21T18:40:14+00:00 DEBUG Tt4b_Mapi_Class::tts_shop_disconnect: Response: 

HTTP/1.1 200 OK
Server: nginx
Content-Type: application/json; charset=utf-8
Content-Length: 95
X-Api-Deprecation-Info: API for Business Version 1.3 is now live. To avoid disruption to your business, we recommend you migrate all calls to v1.3 as soon as possible. Please visit our migration guide for more details: https://ads.tiktok.com/marketing_api/docs?id=1740029169927169
X-Domain-Change-Info: We have moved to the new domain business-api.tiktok.com for API services after the Platform Upgrade on 09/30/2021. Please update all of your requests with the new domain if you haven't done so already. For more information, please visit https://ads.tiktok.com/marketing_api/docs?rid=esb88xalm6m&id=1709207085043713
X-Tt-Logid: 2023042118401310355E67D0137A02B347
x-tt-trace-host: 0144d8074fe358d584cd7d2f1b3f6566f8edf165da38447c43022e732d4674b8fd81e9550058b2a4cf86271fd1a8f2f292c7522ab0c90bc1364254055c985dd4f936dccb85c87ef94cbcdba4ed159a5ea0d0fedd8abd70e449ceb2e2c3e2892887e91b2fcd3d7b794b5022a0cfa3491c0c
X-Origin-Response-Time: 13,23.49.60.228
X-Akamai-Request-ID: 5b405d2.ac62ff2
Expires: Fri, 21 Apr 2023 18:40:14 GMT
Cache-Control: max-age=0, no-cache, no-store
Pragma: no-cache
Date: Fri, 21 Apr 2023 18:40:14 GMT
X-Cache: TCP_MISS from a88-221-128-36.deploy.akamaitechnologies.com (AkamaiGHost/11.0.3-47547230) (-)
Connection: close
X-Cache-Remote: TCP_MISS from a23-49-60-228.deploy.akamaitechnologies.com (AkamaiGHost/11.0.3-47547230) (-)
x-tt-trace-tag: id=16;cdn-cache=miss;type=dyn
Server-Timing: cdn-cache; desc=MISS, edge; dur=175, origin; dur=13
Server-Timing: inner; dur=9
X-Parent-Response-Time: 185,88.221.128.36

{"code":40001,"message":"Permission denied.","request_id":"2023042118401310355E67D0137A02B347"}

